<?xml version="1.0" encoding="UTF-8"?>
<!-- Generated by org.testng.reporters.JUnitReportReporter -->
<testsuite hostname="LAPTOP-ERH3KPPD" failures="0" tests="3" name="com.cybertek.tests.day12_properties_driver_tests.SingletonTest" time="8.055" errors="0" timestamp="2022-06-24T14:18:13 BST" skipped="0">
  <testcase classname="com.cybertek.tests.day12_properties_driver_tests.SingletonTest" name="test2" time="3.220"/>
  <system-out/>
  <testcase classname="com.cybertek.tests.day12_properties_driver_tests.SingletonTest" name="test3" time="4.832"/>
  <system-out/>
  <testcase classname="com.cybertek.tests.day12_properties_driver_tests.SingletonTest" name="test1" time="0.003"/>
  <system-out/>
</testsuite> <!-- com.cybertek.tests.day12_properties_driver_tests.SingletonTest -->
