<?xml version="1.0" encoding="UTF-8"?>
<!-- Generated by org.testng.reporters.JUnitReportReporter -->
<testsuite hostname="LAPTOP-ERH3KPPD" failures="0" tests="1" name="com.cybertek.tests.day14_extent_reports.ExtentDemoTest" time="0.416" errors="0" timestamp="2022-06-24T14:18:13 BST" skipped="0">
  <testcase classname="com.cybertek.tests.day14_extent_reports.ExtentDemoTest" name="test1" time="0.416"/>
  <system-out/>
</testsuite> <!-- com.cybertek.tests.day14_extent_reports.ExtentDemoTest -->
