<?xml version="1.0" encoding="UTF-8"?>
<!-- Generated by org.testng.reporters.JUnitReportReporter -->
<testsuite hostname="LAPTOP-ERH3KPPD" failures="0" tests="1" name="com.cybertek.tests.day10_file_Upload.FileUploadTest" time="5.249" errors="0" timestamp="2022-06-24T14:18:13 BST" skipped="0">
  <testcase classname="com.cybertek.tests.day10_file_Upload.FileUploadTest" name="test1" time="5.249"/>
  <system-out/>
</testsuite> <!-- com.cybertek.tests.day10_file_Upload.FileUploadTest -->
