<?xml version="1.0" encoding="UTF-8"?>
<!-- Generated by org.testng.reporters.JUnitReportReporter -->
<testsuite hostname="LAPTOP-ERH3KPPD" failures="0" tests="2" name="com.cybertek.tests.day7_testng.FirstTestNGTest" time="0.000" errors="0" timestamp="2022-06-24T14:18:13 BST" skipped="0">
  <testcase classname="com.cybertek.tests.day7_testng.FirstTestNGTest" name="test1" time="0.000"/>
  <system-out/>
  <testcase classname="com.cybertek.tests.day7_testng.FirstTestNGTest" name="test2" time="0.000"/>
  <system-out/>
</testsuite> <!-- com.cybertek.tests.day7_testng.FirstTestNGTest -->
